SF:lib\infra\storage\storage.dart
DA:15,1
DA:17,1
DA:18,4
DA:21,1
DA:23,1
DA:25,2
DA:27,2
DA:30,1
DA:32,1
DA:33,2
LF:10
LH:10
end_of_record
SF:lib\utils\mixins\convert_file.dart
DA:7,1
DA:9,3
DA:10,1
DA:11,1
DA:12,1
DA:14,2
DA:18,0
DA:21,0
DA:24,0
DA:27,0
DA:29,0
LF:11
LH:6
end_of_record
SF:lib\application\usecases\remote_create_leitura.dart
DA:10,1
DA:11,1
DA:17,3
DA:18,1
DA:20,2
DA:22,1
DA:24,2
DA:25,1
DA:28,3
DA:29,1
DA:30,1
DA:31,1
DA:32,1
DA:33,1
DA:34,1
DA:36,1
DA:38,1
DA:41,2
LF:18
LH:18
end_of_record
SF:lib\enterprise\entities\leitura_entity.dart
DA:5,3
DA:11,1
DA:19,5
DA:20,1
LF:4
LH:4
end_of_record
SF:lib\enterprise\entities\leituras_entity.dart
DA:6,2
DA:8,1
DA:9,2
DA:11,1
DA:12,3
DA:14,1
DA:15,1
DA:23,1
DA:26,1
DA:27,1
DA:28,1
DA:29,4
DA:30,1
DA:31,6
DA:33,2
DA:34,2
DA:35,2
DA:36,2
DA:39,2
LF:19
LH:19
end_of_record
SF:lib\models\leitura_model.dart
DA:5,1
DA:11,0
DA:12,0
DA:13,0
DA:14,0
DA:15,0
DA:19,1
DA:20,1
DA:21,1
DA:22,1
DA:23,1
LF:11
LH:6
end_of_record
