SF:lib\enterprise\entities\leitura_entity.dart
DA:5,6
DA:11,1
DA:19,5
DA:20,1
LF:4
LH:4
end_of_record
SF:lib\enterprise\entities\leituras_entity.dart
DA:6,5
DA:8,1
DA:9,2
DA:11,1
DA:12,3
DA:14,1
DA:15,1
DA:23,1
DA:26,1
DA:27,1
DA:28,1
DA:29,4
DA:30,1
DA:31,6
DA:33,2
DA:34,2
DA:35,2
DA:36,2
DA:39,2
LF:19
LH:19
end_of_record
SF:lib\infra\storage\storage.dart
DA:15,1
DA:17,1
DA:18,4
DA:21,1
DA:23,1
DA:25,2
DA:27,2
DA:30,1
DA:32,1
DA:33,2
LF:10
LH:10
end_of_record
SF:lib\utils\mixins\convert_file.dart
DA:7,2
DA:9,6
DA:10,2
DA:11,2
DA:12,2
DA:14,4
DA:18,1
DA:19,1
DA:20,2
DA:21,1
LF:10
LH:10
end_of_record
SF:lib\application\usecases\remote_create_leitura.dart
DA:10,1
DA:11,1
DA:17,3
DA:18,1
DA:20,2
DA:22,1
DA:24,2
DA:25,1
DA:28,3
DA:29,1
DA:30,1
DA:31,1
DA:32,1
DA:33,1
DA:34,1
DA:36,1
DA:38,1
DA:41,2
LF:18
LH:18
end_of_record
SF:lib\models\leitura_model.dart
DA:5,3
DA:11,1
DA:12,1
DA:13,1
DA:14,1
DA:15,1
DA:19,3
DA:20,3
DA:21,3
DA:22,3
DA:23,3
LF:11
LH:11
end_of_record
SF:lib\blocs\leitura_bloc\leitura_bloc.dart
DA:13,1
DA:20,2
DA:21,2
DA:22,2
DA:23,2
DA:24,2
DA:27,2
DA:28,2
DA:29,2
DA:30,1
DA:31,1
DA:33,2
DA:36,2
DA:37,2
DA:38,2
DA:39,1
DA:40,1
DA:41,1
DA:43,2
LF:19
LH:19
end_of_record
SF:lib\blocs\leitura_bloc\leitura_event.dart
DA:14,1
DA:22,1
LF:2
LH:2
end_of_record
SF:lib\blocs\leitura_bloc\leitura_state.dart
DA:12,1
LF:1
LH:1
end_of_record
SF:lib\application\usecases\remote_delete_leitura.dart
DA:10,1
DA:11,1
DA:16,2
DA:18,3
DA:19,1
DA:20,1
DA:21,1
DA:22,1
DA:23,1
DA:24,1
DA:25,2
DA:26,2
LF:12
LH:12
end_of_record
SF:lib\application\usecases\remote_get_leituras.dart
DA:10,1
DA:11,1
DA:13,2
DA:15,1
DA:16,2
DA:18,4
DA:20,1
DA:21,2
DA:22,1
DA:23,1
DA:24,1
DA:25,1
DA:27,1
LF:13
LH:13
end_of_record
SF:lib\utils\mixins\convert_currency.dart
DA:4,1
DA:6,1
DA:7,1
LF:3
LH:3
end_of_record
SF:lib\utils\mixins\date_formate.dart
DA:4,1
DA:5,2
LF:2
LH:2
end_of_record
